<?xml version="1.0" encoding="UTF-8"?>
<!-- Generated by org.testng.reporters.JUnitReportReporter -->
<testsuite hostname="LAPTOP-VHM557M7" failures="0" tests="1" name="cucumberOptions.TestRunner" time="13.007" errors="0" timestamp="2022-04-16T13:00:20 IST" skipped="0">
  <testcase classname="cucumberOptions.TestRunner" name="runScenario" time="13.007"/>
  <system-out/>
</testsuite> <!-- cucumberOptions.TestRunner -->
